<?xml version="1.0" encoding="UTF-8"?>
<testsuite xmlns:xsi="http://www.w3.org/2001/XMLSchema-instance" xsi:noNamespaceSchemaLocation="https://maven.apache.org/surefire/maven-surefire-plugin/xsd/surefire-test-report-3.0.xsd" version="3.0" name="StudentServiceIntegrationTest" time="0.016" tests="1" errors="0" skipped="1" failures="0">
  <properties/>
  <testcase name="testAddStudent" classname="StudentServiceIntegrationTest" time="0.0">
    <skipped message="System property [test-profile] with value [unit] does not match regular expression [integration]"/>
  </testcase>
</testsuite>